Yarn-level simulation of woven cloth| https://www.gmrv.es/Publications/2014/CLMO14/YarnLevelWovenCloth_SIGASIA2014.pdf
An implicit frictional contact solver for adaptive cloth simulation| https://scholar.google.com.hk/scholar_url?url=https://hal.inria.fr/hal-01834705/document&hl=zh-TW&sa=X&ei=Vbd9Y7voI86vywTM0p3IDQ&scisig=AAGBfm2XgLPZfBdQKEjLCn1aSX5zdvufOg&oi=scholarr
An implicit frictional contact solver for adaptive cloth simulation| https://hal.inria.fr/hal-01834705/document
Adaptive anisotropic remeshing for cloth simulation| https://scholar.google.com.hk/scholar_url?url=https://escholarship.org/content/qt2x60r139/qt2x60r139.pdf&hl=zh-TW&sa=X&ei=Wbd9Y93pO5CXywTpjZ64Bw&scisig=AAGBfm2NsWl0Q8t3VQRYgbK3HkEk997kgA&oi=scholarr
Adaptive anisotropic remeshing for cloth simulation| https://scholar.google.com.hk/scholar_url?url=https://escholarship.org/content/qt2413027m/qt2413027m.pdf&hl=zh-TW&sa=X&ei=Wbd9Y93pO5CXywTpjZ64Bw&scisig=AAGBfm3FBo7jMw0VEysZX49eZ4O8Knab_g&oi=scholarr
Adaptive anisotropic remeshing for cloth simulation| https://scholar.google.com.hk/scholar_url?url=https://hal.inria.fr/hal-01834705/document&hl=zh-TW&sa=X&ei=Wbd9Y93pO5CXywTpjZ64Bw&scisig=AAGBfm2XgLPZfBdQKEjLCn1aSX5zdvufOg&oi=scholarr
Adaptive anisotropic remeshing for cloth simulation| http://graphics.berkeley.edu/papers/Narain-AAR-2012-11/Narain-AAR-2012-11.pdf
GPU-based simulation of cloth wrinkles at submillimeter levels| https://dl.acm.org/doi/pdf/10.1145/3450626.3459787
Simulating knitted cloth at the yarn level| https://research.cs.cornell.edu/YarnCloth/sg08_knityarns.pdf
Homogenized yarn-level cloth| https://www.semanticscholar.org/paper/Homogenized-yarn-level-cloth-Sperl-Narain/59cf2f77f12bcf708380d7246833659657aec5ad
Interactive design of periodic yarn-level cloth patterns| https://graphics.stanford.edu/projects/yarnsim/assets/interactive_design_of_periodic_yarn_level_cloth_patterns.pdf
Modeling and estimation of internal friction in cloth| https://www.researchgate.net/publication/262236880_Modeling_and_Estimation_of_Internal_Friction_in_Cloth
Data-driven elastic models for cloth: modeling and measurement| https://scholar.google.com.hk/scholar_url?url=https://dl.acm.org/doi/pdf/10.1145/2010324.1964966&hl=zh-TW&sa=X&ei=frd9Y8H4IJCXywTpjZ64Bw&scisig=AAGBfm3sVnCiCxa0QpO-zrlE89VSKtrCdw&oi=scholarr
Data-driven elastic models for cloth: modeling and measurement| http://graphics.berkeley.edu/papers/Wang-DDE-2011-08/Wang-DDE-2011-08.pdf
Efficient yarn-based cloth with adaptive contact linearization| https://scholar.google.com.hk/scholar_url?url=https://scholar.archive.org/work/ih6wtdxs3ff75i6itmpj7hnvdy/access/wayback/http://www.cs.cornell.edu/projects/YarnCloth/sg10_acl.pdf&hl=zh-TW&sa=X&ei=grd9Y6XjBeqK6rQP7ZGx8A4&scisig=AAGBfm2nhL057WKRNDohjVr7CUmEiXr77w&oi=scholarr
Efficient yarn-based cloth with adaptive contact linearization| https://www.cs.cornell.edu/projects/YarnCloth/sg10_acl.pdf
Modeling friction and air effects between cloth and deformable bodies| http://www.zhilichen.com/research/air_friction/2013-MFA.pdf
Estimation of yarn-level simulation models for production fabrics| https://mslab.es/projects/YarnLevelFabrics/contents/sperl2022eylsmpf.pdf
Folding and crumpling adaptive sheets| http://graphics.berkeley.edu/papers/Narain-FCA-2013-07/Narain-FCA-2013-07.pdf
Weavecraft: an interactive design and simulation tool for 3D weaving| https://www.researchgate.net/publication/347593144_Weavecraft_an_interactive_design_and_simulation_tool_for_3D_weaving
Physical simulation of environmentally induced thin shell deformation| https://scholar.google.com.hk/scholar_url?url=https://www.researchgate.net/profile/Wim-Van-Rees/publication/326726414_Physical_simulation_of_environmentally_induced_thin_shell_deformation/links/5da9c32f92851c577eb8302e/Physical-simulation-of-environmentally-induced-thin-shell-deformation.pdf&hl=zh-TW&sa=X&ei=nbd9Y6_iAZCXywTpjZ64Bw&scisig=AAGBfm1UfFDJZMfqnk_ihe90ekkAmNXUiQ&oi=scholarr
Physical simulation of environmentally induced thin shell deformation| https://vanreeslab.mit.edu/wp-content/papercite-data/pdf/chen-2018.pdf
Robust eulerian-on-lagrangian rods| https://scholar.google.com.hk/scholar_url?url=https://dl.acm.org/doi/abs/10.1145/3386569.3392489&hl=zh-TW&sa=X&ei=pbd9Y87NBJD-yQStgp1w&scisig=AAGBfm1XrenwfR3q-6P3OphwpAC0gD7bCA&oi=scholarr
Robust eulerian-on-lagrangian rods| https://scholar.google.com.hk/scholar_url?url=https://www.cs.ubc.ca/~yefan/EoL_preprint.pdf&hl=zh-TW&sa=X&ei=pbd9Y87NBJD-yQStgp1w&scisig=AAGBfm3SE2uIBYSvy1IPl5KYI4ZEXYEwFw&oi=scholarr
Robust eulerian-on-lagrangian rods| https://scholar.google.com.hk/scholar_url?url=https://www.cs.ubc.ca/sites/default/files/research/papers/2015/07/simulationcontrolhands.pdf&hl=zh-TW&sa=X&ei=pbd9Y87NBJD-yQStgp1w&scisig=AAGBfm3AZoTL-p0PhdO1Lkwx8tnkcl0qOA&oi=scholarr
Robust eulerian-on-lagrangian rods| https://www.gmrv.es/Publications/2020/SRBO20/SanchezBanderas_SIG2020_final.pdf
A unified approach for subspace simulation of deformable bodies in multiple domains| https://scholar.google.com.hk/scholar_url?url=https://scholar.archive.org/work/7loxcwmfbbfknc444ssfutwjka/access/wayback/http://web.cse.ohio-state.edu:80/~whmin/Wu-2015-AUA/Wu-2015-AUA.pdf&hl=zh-TW&sa=X&ei=qbd9Y4DDE-eR6rQPj_qo2Ao&scisig=AAGBfm2jsi8yDs5iqKTXAcx-B-pch-sWJA&oi=scholarr
A unified approach for subspace simulation of deformable bodies in multiple domains| https://dl.acm.org/doi/10.1145/2816795.2818065
Accelerated complex-step finite difference for expedient deformable simulation| https://dl.acm.org/doi/10.1145/3355089.3356493
Codimensional incremental potential contact| https://ipc-sim.github.io/C-IPC/file/paper_small.pdf
Anisotropic elastoplasticity for cloth knit and hair frictional contact| https://www.math.ucla.edu/~jteran/papers/JGT17.pdf
Anderson acceleration for geometry optimization and physics simulation| https://scholar.google.com.hk/scholar_url?url=https://dl.acm.org/doi/pdf/10.1145/3197517.3201290&hl=zh-TW&sa=X&ei=vLd9Y-a3FZD-yQStgp1w&scisig=AAGBfm3FaI8aGAgrKrs8dcjEzBfLIv2ugQ&oi=scholarr
Anderson acceleration for geometry optimization and physics simulation| https://arxiv.org/pdf/1805.05715
Stable constrained dynamics| https://scholar.google.com.hk/scholar_url?url=https://hal.inria.fr/hal-01157835/document&hl=zh-TW&sa=X&ei=wrd9Y6nyMueR6rQPj_qo2Ao&scisig=AAGBfm1Yk5SFvzRHtGW-0oNczSacLUsZ0w&oi=scholarr
Stable constrained dynamics| https://scholar.google.com.hk/scholar_url?url=https://cse.cs.ucsb.edu/sites/cse.cs.ucsb.edu/files/publications/SCE000095.pdf&hl=zh-TW&sa=X&ei=wrd9Y6nyMueR6rQPj_qo2Ao&scisig=AAGBfm2Rgyl1iQVoRuVX-1EQtwdYoVfEWg&oi=scholarr
Stable constrained dynamics| https://scholar.google.com.hk/scholar_url?url=https://ieeexplore.ieee.org/abstract/document/1242851/&hl=zh-TW&sa=X&ei=wrd9Y6nyMueR6rQPj_qo2Ao&scisig=AAGBfm3VbkOU1ooyLyD_sKILRsIN07ZgHQ&oi=scholarr
Stable constrained dynamics| https://hal.inria.fr/hal-01157835v2/document
Frictional Contact on Smooth Elastic Solids| https://elrnv.com/fcses_tog21.pdf
Physics-driven pattern adjustment for direct 3D garment editing| http://www.cs.ubc.ca/labs/imager/tr/2016/PhysicsDrivenPatternAdjustment/hybrids.pdf
Accurate dissipative forces in optimization integrators| https://dl.acm.org/doi/10.1145/3272127.3275011
Stitch meshes for modeling knitted clothing with yarn-level detail| https://www.cs.cornell.edu/projects/stitchmeshes/stitchmeshes.pdf
Implicit untangling: a robust solution for modeling layered clothing| https://hal.archives-ouvertes.fr/hal-02129156/file/main.pdf
Large-scale dynamic simulation of highly constrained strands| https://scholar.google.com.hk/scholar_url?url=https://www.cs.ubc.ca/sites/default/files/research/papers/2011/05/strands2preprint.pdf&hl=zh-TW&sa=X&ei=5rd9Y5q-A86vywTM0p3IDQ&scisig=AAGBfm1Pe_BI9FQLRcK6Q3dbJiZ8M05Mzw&oi=scholarr
Large-scale dynamic simulation of highly constrained strands| https://www.cs.ubc.ca/sites/default/files/research/papers/2011/05/strands2preprint.pdf
Fitting procedural yarn models for realistic cloth rendering| https://www.cs.cornell.edu/~kb/publications/SIG16ProceduralYarn.pdf
Dynamic local remeshing for elastoplastic simulation| https://scholar.google.com.hk/scholar_url?url=https://escholarship.org/content/qt2sf0b2b5/qt2sf0b2b5.pdf&hl=zh-TW&sa=X&ei=8bd9Y4SIOYz5yATA7rmYCQ&scisig=AAGBfm3KLt8HjWDvIRsUSSgahClHbU2yQg&oi=scholarr
Dynamic local remeshing for elastoplastic simulation| https://scholar.google.com.hk/scholar_url?url=https://mdsoar.org/bitstream/handle/11603/14539/Jones-2014-DEF.pdf%3Fsequence%3D1&hl=zh-TW&sa=X&ei=8bd9Y4SIOYz5yATA7rmYCQ&scisig=AAGBfm2b_FWF550ayRgXmCfK9A2u4v9SKQ&oi=scholarr
Dynamic local remeshing for elastoplastic simulation| https://scholar.google.com.hk/scholar_url?url=https://escholarship.org/content/qt88k9793n/qt88k9793n.pdf&hl=zh-TW&sa=X&ei=8bd9Y4SIOYz5yATA7rmYCQ&scisig=AAGBfm02G_VIv1UAB5eMaGwomxBsQZchwA&oi=scholarr
Dynamic local remeshing for elastoplastic simulation| https://people.eecs.berkeley.edu/~jrs/papers/elasto.pdf
Homogenized yarn-level cloth| https://www.semanticscholar.org/paper/Homogenized-yarn-level-cloth-Sperl-Narain/59cf2f77f12bcf708380d7246833659657aec5ad
Stitch meshes for modeling knitted clothing with yarn-level detail| https://www.cs.cornell.edu/projects/stitchmeshes/stitchmeshes.pdf
Knittable Stitch Meshes| https://people.csail.mit.edu/kuiwu/knittable/knittable.pdf
A compiler for 3D machine knitting| https://studios.disneyresearch.com/wp-content/uploads/2020/04/A-Compiler-for-3D-Machine-Knitting.pdf
Computational Design of Knit Templates| https://dl.acm.org/doi/pdf/10.1145/3488006
Modeling and estimation of internal friction in cloth| https://www.researchgate.net/publication/262236880_Modeling_and_Estimation_of_Internal_Friction_in_Cloth
A hybrid iterative solver for robustly capturing coulomb friction in hair dynamics| https://scholar.google.com.hk/scholar_url?url=https://hal.inria.fr/docs/00/64/74/97/PDF/hairContactSiggraphAsia2011.pdf&hl=zh-TW&sa=X&ei=H7h9Y4_RGOqK6rQP7ZGx8A4&scisig=AAGBfm03FhXeAPLAyj2sWeAUtVOcZyl1RA&oi=scholarr
A hybrid iterative solver for robustly capturing coulomb friction in hair dynamics| https://hal.inria.fr/hal-00647497/document
Frictional Contact on Smooth Elastic Solids| https://elrnv.com/fcses_tog21.pdf
An adaptive generalized interpolation material point method for simulating elastoplastic materials| https://scholar.google.com.hk/scholar_url?url=https://www.researchgate.net/profile/Chenfanfu-Jiang/publication/321236553_An_adaptive_generalized_interpolation_material_point_method_for_simulating_elastoplastic_materials/links/610e1f961ca20f6f86076dbd/An-adaptive-generalized-interpolation-material-point-method-for-simulating-elastoplastic-materials.pdf&hl=zh-TW&sa=X&ei=Jrh9Y_WXFYz5yATA7rmYCQ&scisig=AAGBfm2j62zY6-9mzqhjSKhS_fzwJipGHQ&oi=scholarr
An adaptive generalized interpolation material point method for simulating elastoplastic materials| https://pages.cs.wisc.edu/~sifakis/papers/AGIMP
Space-time editing of elastic motion through material optimization and reduction| http://geometry.caltech.edu/pubs/LHGJBD14.pdf
Inverse shade trees for non-parametric material representation and editing| https://dash.harvard.edu/bitstream/1/4726188/2/Lawrence_Inverse.pdf
Physical validation of simulators in computer graphics: a new framework dedicated to slender elastic structures and frictional contact| https://www.researchgate.net/publication/353623520_Physical_validation_of_simulators_in_Computer_Graphics_A_new_framework_dedicated_to_slender_elastic_structures_and_frictional_contact/download
Material-adapted refinable basis functions for elasticity simulation| http://maxbudninskiy.com/pubs/CBOBHD19.pdf
Design and fabrication of materials with desired deformation behavior| https://scholar.google.com.hk/scholar_url?url=https://studios.disneyresearch.com/wp-content/uploads/2019/03/Design-and-Fabrication-of-Materials-with-Desired-Deformation-Behavior-2.pdf&hl=zh-TW&sa=X&ei=Rrh9Y5bgCoz5yATA7rmYCQ&scisig=AAGBfm0mLpWLA6SBm31Um7_eyY_CIqojCQ&oi=scholarr
Design and fabrication of materials with desired deformation behavior| https://www.researchgate.net/publication/314733910_Design_and_fabrication_of_materials_with_desired_deformation_behavior
Nonlinear material design using principal stretches| https://viterbi-web.usc.edu/~jbarbic/isotropicMaterialEditor/XuSinZhuBarbic-Siggraph2015.pdf
Implicit neural representation for physics-driven actuated soft bodies| https://scholar.google.com.hk/scholar_url?url=https://www.researchgate.net/profile/Gundula-Runge/publication/319987825_FEM-Based_Training_of_Artificial_Neural_Networks_for_Modular_Soft_Robots/links/5aaf8a0c0f7e9b4897c082bb/FEM-Based-Training-of-Artificial-Neural-Networks-for-Modular-Soft-Robots.pdf&hl=zh-TW&sa=X&ei=U7h9Y_WnDOqK6rQP7ZGx8A4&scisig=AAGBfm3fLcDTaRg87-n6wSae4DX7zpNk4A&oi=scholarr
Implicit neural representation for physics-driven actuated soft bodies| https://scholar.google.com.hk/scholar_url?url=https://www.mdpi.com/2073-4360/12/11/2628/pdf&hl=zh-TW&sa=X&ei=U7h9Y_WnDOqK6rQP7ZGx8A4&scisig=AAGBfm2fLkJrgeHwD9mrWr_enOLJb4E31w&oi=scholarr
Implicit neural representation for physics-driven actuated soft bodies| https://studios.disneyresearch.com/app/uploads/2022/07/Implicit_Neural_Representation_for_Physics-driven_Actuated_Soft_Bodies_final-1.pdf
Learning active quasistatic physics-based models from data| https://scholar.google.com.hk/scholar_url?url=https://par.nsf.gov/servlets/purl/10281223&hl=zh-TW&sa=X&ei=Wrh9Y5b5HYW7ywTIwry4Bg&scisig=AAGBfm2ySUJze9j2x28UdcknejbiaZrG7A&oi=scholarr
Learning active quasistatic physics-based models from data| https://dl.acm.org/doi/abs/10.1145/3450626.3459883
Data-driven physics for human soft tissue animation| https://virtualhumans.mpi-inf.mpg.de/papers/meekyoungSIGGRAPH2017/meekyoungSIGGRAPH2017.pdf
Botanical materials based on biomechanics| https://scholar.google.com.hk/scholar_url?url=https://dl.acm.org/doi/pdf/10.1145/3072959.3073655&hl=zh-TW&sa=X&ei=Yrh9Y-nWEoz5yATA7rmYCQ&scisig=AAGBfm1Pv8A7g_RJ6VW695ZevagPfnoj5A&oi=scholarr
Botanical materials based on biomechanics| https://scholar.google.com.hk/scholar_url?url=https://www.academia.edu/download/50643502/Plant_biomechanics_An_overview_and_prosp20161130-13203-6hedj1.pdf&hl=zh-TW&sa=X&ei=Yrh9Y-nWEoz5yATA7rmYCQ&scisig=AAGBfm38aV_mNfaruaQ0hdHBMNdUr0SPMg&oi=scholarr
Botanical materials based on biomechanics| https://scholar.google.com.hk/scholar_url?url=https://prism.ucalgary.ca/bitstream/handle/1880/103479/placeholder.pdf%3Fsequence%3D1&hl=zh-TW&sa=X&ei=Yrh9Y-nWEoz5yATA7rmYCQ&scisig=AAGBfm2y4GRgztVm3k3BY-zqzcTuhIXoTg&oi=scholarr
Botanical materials based on biomechanics| https://dl.acm.org/doi/10.1145/3072959.3073655
Video-guided real-to-virtual parameter transfer for viscous fluids| https://dl.acm.org/doi/10.1145/3355089.3356551
Locking-Proof Tetrahedra| https://research.chalmers.se/publication/524762/file/524762_Fulltext.pdf
Capture and modeling of non-linear heterogeneous soft tissue| https://scholar.google.com.hk/scholar_url?url=https://dash.harvard.edu/bitstream/handle/1/4100255/Bickel_Capture.pdf%3Fsequence%3D2&hl=zh-TW&sa=X&ei=ybh9Y6WdFpqM6rQPmI6jiAg&scisig=AAGBfm3amZTuXar5dWcN5fYM-VAcMPkXGQ&oi=scholarr
Capture and modeling of non-linear heterogeneous soft tissue| https://www.baecher.info/publication/soft_tissue_sig09/soft_tissue_sig09.pdf
A novel discretization and numerical solver for non-fourier diffusion| https://scholar.google.com.hk/scholar_url?url=https://par.nsf.gov/servlets/purl/10315058&hl=zh-TW&sa=X&ei=zLh9Y5KgN-eR6rQPj_qo2Ao&scisig=AAGBfm3OQ9IE0DzqQjGb7j9x51itdr_4xw&oi=scholarr
A novel discretization and numerical solver for non-fourier diffusion| https://www.math.ucla.edu/~cffjiang/research/xue2020diffusion/xue2020diffusion.pdf
Anisotropic elasticity for inversion-safety and element rehabilitation| http://www.tkim.graphics/ANISOTROPY/AnisotropyAndRehab.pdf
Computational design and fabrication of soft pneumatic objects with desired deformations| https://scholar.google.com.hk/scholar_url?url=https://milkpku.github.io/project/pneumatic/Pneumatic_low.pdf&hl=zh-TW&sa=X&ei=27h9Y_3_M4z5yATA7rmYCQ&scisig=AAGBfm0-bKFBoqs6MFUrjgeS3tk6FhjLyA&oi=scholarr
Computational design and fabrication of soft pneumatic objects with desired deformations| https://milkpku.github.io/project/pneumatic/Pneumatic_high.pdf
High-order differentiable autoencoder for nonlinear model reduction| https://scholar.google.com.hk/scholar_url?url=https://arxiv.org/pdf/2102.11026&hl=zh-TW&sa=X&ei=4Lh9Y6DjFIW7ywTIwry4Bg&scisig=AAGBfm1MYuETb-qIyFEyxEehIEUHKuWyOA&oi=scholarr
High-order differentiable autoencoder for nonlinear model reduction| https://arxiv.org/abs/2102.11026
Real2Sim: visco-elastic parameter estimation from dynamic motion| https://scholar.google.com.hk/scholar_url?url=https://dl.acm.org/doi/pdf/10.1145/3355089.3356548&hl=zh-TW&sa=X&ei=47h9Y9ruLeqK6rQP7ZGx8A4&scisig=AAGBfm26BPgEnc-WIK-gufOj1T_AkaKNeQ&oi=scholarr
Real2Sim: visco-elastic parameter estimation from dynamic motion| http://crl.ethz.ch/papers/Real2Sim.pdf
Numerical coarsening using discontinuous shape functions| http://www.geometry.caltech.edu/pubs/CBWDH18.pdf
SIERE: A Hybrid Semi-Implicit Exponential Integrator for Efficiently Simulating Stiff Deformable Objects| https://www.cs.ubc.ca/~ascher/papers/csap.pdf
SANM: a symbolic asymptotic numerical solver with applications in mesh deformation| https://arxiv.org/abs/2105.08535
Data-driven finite elements for geometry and material design| https://cdfg.mit.edu/assets/files/DDFEMMain_0.pdf
Constitutive artificial neural networks: A fast and general approach to predictive data-driven constitutive modeling by deep learning| https://www.sciencedirect.com/science/article/pii/S0021999120307841
Learning Constitutive Relations from Indirect Observations Using Deep Neural Networks| https://scholar.google.com.hk/scholar_url?url=https://www.sciencedirect.com/science/article/am/pii/S0021999120302655&hl=zh-TW&sa=X&ei=Bbl9Y4_aPJCXywTpjZ64Bw&scisig=AAGBfm10da6aCmz9XMkaU2ZmIVoqkoN3AA&oi=scholarr
Learning Constitutive Relations from Indirect Observations Using Deep Neural Networks| http://arxiv.org/abs/1905.12530
A deep learning framework for constitutive modeling based on temporal convolutional network| https://scholar.google.com.hk/scholar_url?url=https://www.sciencedirect.com/science/article/pii/S0021999121006793&hl=zh-TW&sa=X&ei=Crl9Y5SyH5D-yQStgp1w&scisig=AAGBfm0uD3SeWdXbSrgzDy0VhqD7buO-ow&oi=scholarr
A deep learning framework for constitutive modeling based on temporal convolutional network| https://dl.acm.org/doi/abs/10.1016/j.jcp.2021.110784
Constitutive model characterization and discovery using physics-informed deep learning| https://scholar.google.com.hk/scholar_url?url=https://www.ncbi.nlm.nih.gov/pmc/articles/PMC8130895/&hl=zh-TW&sa=X&ei=Drl9Y6-hMJqM6rQPmI6jiAg&scisig=AAGBfm3NlwZyNK9Hz9Lm8xjQhUrr7wbUiA&oi=scholarr
Constitutive model characterization and discovery using physics-informed deep learning| https://scholar.google.com.hk/scholar_url?url=https://engineering.purdue.edu/gomez/assets/pdf/art81.pdf&hl=zh-TW&sa=X&ei=Drl9Y6-hMJqM6rQPmI6jiAg&scisig=AAGBfm2EZkLVTCVzeYTiJROBSP73_PAFrg&oi=scholarr
Constitutive model characterization and discovery using physics-informed deep learning| https://scholar.google.com.hk/scholar_url?url=https://arxiv.org/pdf/2003.02751&hl=zh-TW&sa=X&ei=Drl9Y6-hMJqM6rQPmI6jiAg&scisig=AAGBfm1zYgqPpj_mucyNuY_zXqcmlVA9ag&oi=scholarr
Constitutive model characterization and discovery using physics-informed deep learning| http://arxiv.org/abs/2203.09789
